<?xml version="1.0" encoding="UTF-8"?>
<testsuite xmlns:xsi="http://www.w3.org/2001/XMLSchema-instance" xsi:noNamespaceSchemaLocation="https://maven.apache.org/surefire/maven-surefire-plugin/xsd/surefire-test-report-3.0.xsd" version="3.0" name="es.yorman.dad.codesignal.CenturyFromYearTest" time="0.046" tests="6" errors="0" skipped="0" failures="0">
  <properties>
    <property name="java.specification.version" value="20"/>
    <property name="sun.cpu.isalist" value="amd64"/>
    <property name="sun.jnu.encoding" value="Cp1252"/>
    <property name="java.class.path" value="C:\Users\Yorman\Documents\2 DAM\DAD - Desarrollo de interfaces\ProyectosJava\CodeSignal\target\test-classes;C:\Users\Yorman\Documents\2 DAM\DAD - Desarrollo de interfaces\ProyectosJava\CodeSignal\target\classes;C:\Users\Yorman\.m2\repository\junit\junit\4.13.2\junit-4.13.2.jar;C:\Users\Yorman\.m2\repository\org\hamcrest\hamcrest-core\1.3\hamcrest-core-1.3.jar;"/>
    <property name="java.vm.vendor" value="Oracle Corporation"/>
    <property name="sun.arch.data.model" value="64"/>
    <property name="user.variant" value=""/>
    <property name="java.vendor.url" value="https://java.oracle.com/"/>
    <property name="user.timezone" value="Atlantic/Canary"/>
    <property name="os.name" value="Windows 11"/>
    <property name="java.vm.specification.version" value="20"/>
    <property name="sun.java.launcher" value="SUN_STANDARD"/>
    <property name="user.country" value="ES"/>
    <property name="sun.boot.library.path" value="C:\Program Files\Java\jdk-20\bin"/>
    <property name="sun.java.command" value="C:\Users\Yorman\AppData\Local\Temp\surefire17864321334536507260\surefirebooter-20230920103723923_3.jar C:\Users\Yorman\AppData\Local\Temp\surefire17864321334536507260 2023-09-20T10-37-23_812-jvmRun1 surefire-20230920103723923_1tmp surefire_0-20230920103723923_2tmp"/>
    <property name="jdk.debug" value="release"/>
    <property name="test" value="CenturyFromYearTest"/>
    <property name="surefire.test.class.path" value="C:\Users\Yorman\Documents\2 DAM\DAD - Desarrollo de interfaces\ProyectosJava\CodeSignal\target\test-classes;C:\Users\Yorman\Documents\2 DAM\DAD - Desarrollo de interfaces\ProyectosJava\CodeSignal\target\classes;C:\Users\Yorman\.m2\repository\junit\junit\4.13.2\junit-4.13.2.jar;C:\Users\Yorman\.m2\repository\org\hamcrest\hamcrest-core\1.3\hamcrest-core-1.3.jar;"/>
    <property name="sun.cpu.endian" value="little"/>
    <property name="user.home" value="C:\Users\Yorman"/>
    <property name="user.language" value="es"/>
    <property name="java.specification.vendor" value="Oracle Corporation"/>
    <property name="java.version.date" value="2023-07-18"/>
    <property name="java.home" value="C:\Program Files\Java\jdk-20"/>
    <property name="file.separator" value="\"/>
    <property name="basedir" value="C:\Users\Yorman\Documents\2 DAM\DAD - Desarrollo de interfaces\ProyectosJava\CodeSignal"/>
    <property name="java.vm.compressedOopsMode" value="Zero based"/>
    <property name="line.separator" value="&#10;"/>
    <property name="java.vm.specification.vendor" value="Oracle Corporation"/>
    <property name="java.specification.name" value="Java Platform API Specification"/>
    <property name="surefire.real.class.path" value="C:\Users\Yorman\AppData\Local\Temp\surefire17864321334536507260\surefirebooter-20230920103723923_3.jar"/>
    <property name="user.script" value=""/>
    <property name="sun.management.compiler" value="HotSpot 64-Bit Tiered Compilers"/>
    <property name="java.runtime.version" value="20.0.2+9-78"/>
    <property name="user.name" value="Yorman"/>
    <property name="stdout.encoding" value="Cp1252"/>
    <property name="path.separator" value=";"/>
    <property name="os.version" value="10.0"/>
    <property name="java.runtime.name" value="Java(TM) SE Runtime Environment"/>
    <property name="file.encoding" value="UTF-8"/>
    <property name="java.vm.name" value="Java HotSpot(TM) 64-Bit Server VM"/>
    <property name="localRepository" value="C:\Users\Yorman\.m2\repository"/>
    <property name="java.vendor.url.bug" value="https://bugreport.java.com/bugreport/"/>
    <property name="java.io.tmpdir" value="C:\Users\Yorman\AppData\Local\Temp\"/>
    <property name="java.version" value="20.0.2"/>
    <property name="user.dir" value="C:\Users\Yorman\Documents\2 DAM\DAD - Desarrollo de interfaces\ProyectosJava\CodeSignal"/>
    <property name="os.arch" value="amd64"/>
    <property name="java.vm.specification.name" value="Java Virtual Machine Specification"/>
    <property name="sun.os.patch.level" value=""/>
    <property name="native.encoding" value="Cp1252"/>
    <property name="java.library.path" value="C:\Program Files\Java\jdk-20\bin;C:\Windows\Sun\Java\bin;C:\Windows\system32;C:\Windows;C:\Program Files\Common Files\Oracle\Java\javapath;C:\Program Files (x86)\Common Files\Oracle\Java\javapath;C:\Windows\system32;C:\Windows;C:\Windows\System32\Wbem;C:\Windows\System32\WindowsPowerShell\v1.0\;C:\Windows\System32\OpenSSH\;C:\Program Files\Microsoft SQL Server\Client SDK\ODBC\170\Tools\Binn\;C:\Program Files (x86)\Microsoft SQL Server\150\Tools\Binn\;C:\Program Files\Microsoft SQL Server\150\Tools\Binn\;C:\Program Files\Microsoft SQL Server\150\DTS\Binn\;C:\Program Files (x86)\Microsoft SQL Server\150\DTS\Binn\;C:\Program Files\Azure Data Studio\bin;C:\Program Files\PuTTY\;C:\Program Files\Git\cmd;C:\ProgramData\chocolatey\bin;C:\ProgramData\chocolatey\lib\maven\apache-maven-3.9.4\bin;C:\Users\Yorman\AppData\Local\Programs\Python\Python311\Scripts\;C:\Users\Yorman\AppData\Local\Programs\Python\Python311\;C:\Users\Yorman\AppData\Local\Microsoft\WindowsApps;C:\Program Files\Azure Data Studio\bin;C:\ffmpeg\bin;C:\Users\Yorman\AppData\Local\GitHubDesktop\bin;C:\Program Files (x86)\Nmap;."/>
    <property name="java.vm.info" value="mixed mode, sharing"/>
    <property name="stderr.encoding" value="Cp1252"/>
    <property name="java.vendor" value="Oracle Corporation"/>
    <property name="java.vm.version" value="20.0.2+9-78"/>
    <property name="sun.io.unicode.encoding" value="UnicodeLittle"/>
    <property name="java.class.version" value="64.0"/>
  </properties>
  <testcase name="test1" classname="es.yorman.dad.codesignal.CenturyFromYearTest" time="0.003"/>
  <testcase name="test2" classname="es.yorman.dad.codesignal.CenturyFromYearTest" time="0.0"/>
  <testcase name="test3" classname="es.yorman.dad.codesignal.CenturyFromYearTest" time="0.0"/>
  <testcase name="test4" classname="es.yorman.dad.codesignal.CenturyFromYearTest" time="0.0"/>
  <testcase name="test5" classname="es.yorman.dad.codesignal.CenturyFromYearTest" time="0.0"/>
  <testcase name="test6" classname="es.yorman.dad.codesignal.CenturyFromYearTest" time="0.0"/>
</testsuite>